Dec 12 2022 07:59:59
{"Number":8,"Message":"Ai1wm_Database_Utility::replace_serialized_values(): The script tried to execute a method or access a property of an incomplete object. Please ensure that the class definition &quot;Elementor\\Core\\Logger\\Items\\PHP&quot; of the object you are trying to operate on was loaded _before_ unserialize() gets called or provide an autoloader to load the class definition","File":"C:\\xampp\\htdocs\\izza\\wp-content\\plugins\\all-in-one-wp-migration\\lib\\vendor\\servmask\\database\\class-ai1wm-database-utility.php","Line":74}

Dec 12 2022 07:59:59
{"Number":8,"Message":"Ai1wm_Database_Utility::replace_serialized_values(): The script tried to execute a method or access a property of an incomplete object. Please ensure that the class definition &quot;Elementor\\Core\\Logger\\Items\\PHP&quot; of the object you are trying to operate on was loaded _before_ unserialize() gets called or provide an autoloader to load the class definition","File":"C:\\xampp\\htdocs\\izza\\wp-content\\plugins\\all-in-one-wp-migration\\lib\\vendor\\servmask\\database\\class-ai1wm-database-utility.php","Line":74}

Dec 12 2022 07:59:59
{"Number":8,"Message":"Ai1wm_Database_Utility::replace_serialized_values(): The script tried to execute a method or access a property of an incomplete object. Please ensure that the class definition &quot;Elementor\\Core\\Logger\\Items\\PHP&quot; of the object you are trying to operate on was loaded _before_ unserialize() gets called or provide an autoloader to load the class definition","File":"C:\\xampp\\htdocs\\izza\\wp-content\\plugins\\all-in-one-wp-migration\\lib\\vendor\\servmask\\database\\class-ai1wm-database-utility.php","Line":74}

Dec 12 2022 07:59:59
{"Number":8,"Message":"Ai1wm_Database_Utility::replace_serialized_values(): The script tried to execute a method or access a property of an incomplete object. Please ensure that the class definition &quot;Elementor\\Core\\Logger\\Items\\PHP&quot; of the object you are trying to operate on was loaded _before_ unserialize() gets called or provide an autoloader to load the class definition","File":"C:\\xampp\\htdocs\\izza\\wp-content\\plugins\\all-in-one-wp-migration\\lib\\vendor\\servmask\\database\\class-ai1wm-database-utility.php","Line":74}

Dec 12 2022 07:59:59
{"Number":8,"Message":"Ai1wm_Database_Utility::replace_serialized_values(): The script tried to execute a method or access a property of an incomplete object. Please ensure that the class definition &quot;Elementor\\Core\\Logger\\Items\\PHP&quot; of the object you are trying to operate on was loaded _before_ unserialize() gets called or provide an autoloader to load the class definition","File":"C:\\xampp\\htdocs\\izza\\wp-content\\plugins\\all-in-one-wp-migration\\lib\\vendor\\servmask\\database\\class-ai1wm-database-utility.php","Line":74}

Dec 12 2022 07:59:59
{"Number":8,"Message":"Ai1wm_Database_Utility::replace_serialized_values(): The script tried to execute a method or access a property of an incomplete object. Please ensure that the class definition &quot;Elementor\\Core\\Logger\\Items\\PHP&quot; of the object you are trying to operate on was loaded _before_ unserialize() gets called or provide an autoloader to load the class definition","File":"C:\\xampp\\htdocs\\izza\\wp-content\\plugins\\all-in-one-wp-migration\\lib\\vendor\\servmask\\database\\class-ai1wm-database-utility.php","Line":74}

Dec 12 2022 07:59:59
{"Number":8,"Message":"Ai1wm_Database_Utility::replace_serialized_values(): The script tried to execute a method or access a property of an incomplete object. Please ensure that the class definition &quot;Elementor\\Core\\Logger\\Items\\PHP&quot; of the object you are trying to operate on was loaded _before_ unserialize() gets called or provide an autoloader to load the class definition","File":"C:\\xampp\\htdocs\\izza\\wp-content\\plugins\\all-in-one-wp-migration\\lib\\vendor\\servmask\\database\\class-ai1wm-database-utility.php","Line":74}

Dec 12 2022 07:59:59
{"Number":8,"Message":"Ai1wm_Database_Utility::replace_serialized_values(): The script tried to execute a method or access a property of an incomplete object. Please ensure that the class definition &quot;Elementor\\Core\\Logger\\Items\\PHP&quot; of the object you are trying to operate on was loaded _before_ unserialize() gets called or provide an autoloader to load the class definition","File":"C:\\xampp\\htdocs\\izza\\wp-content\\plugins\\all-in-one-wp-migration\\lib\\vendor\\servmask\\database\\class-ai1wm-database-utility.php","Line":74}

Dec 12 2022 07:59:59
{"Number":8,"Message":"Ai1wm_Database_Utility::replace_serialized_values(): The script tried to execute a method or access a property of an incomplete object. Please ensure that the class definition &quot;Elementor\\Core\\Logger\\Items\\PHP&quot; of the object you are trying to operate on was loaded _before_ unserialize() gets called or provide an autoloader to load the class definition","File":"C:\\xampp\\htdocs\\izza\\wp-content\\plugins\\all-in-one-wp-migration\\lib\\vendor\\servmask\\database\\class-ai1wm-database-utility.php","Line":74}

Dec 12 2022 07:59:59
{"Number":8,"Message":"Ai1wm_Database_Utility::replace_serialized_values(): The script tried to execute a method or access a property of an incomplete object. Please ensure that the class definition &quot;Elementor\\Core\\Logger\\Items\\PHP&quot; of the object you are trying to operate on was loaded _before_ unserialize() gets called or provide an autoloader to load the class definition","File":"C:\\xampp\\htdocs\\izza\\wp-content\\plugins\\all-in-one-wp-migration\\lib\\vendor\\servmask\\database\\class-ai1wm-database-utility.php","Line":74}

Dec 12 2022 07:59:59
{"Number":8,"Message":"Ai1wm_Database_Utility::replace_serialized_values(): The script tried to execute a method or access a property of an incomplete object. Please ensure that the class definition &quot;Elementor\\Core\\Logger\\Items\\Base&quot; of the object you are trying to operate on was loaded _before_ unserialize() gets called or provide an autoloader to load the class definition","File":"C:\\xampp\\htdocs\\izza\\wp-content\\plugins\\all-in-one-wp-migration\\lib\\vendor\\servmask\\database\\class-ai1wm-database-utility.php","Line":74}

Dec 12 2022 07:59:59
{"Number":8,"Message":"Ai1wm_Database_Utility::replace_serialized_values(): The script tried to execute a method or access a property of an incomplete object. Please ensure that the class definition &quot;Elementor\\Core\\Logger\\Items\\Base&quot; of the object you are trying to operate on was loaded _before_ unserialize() gets called or provide an autoloader to load the class definition","File":"C:\\xampp\\htdocs\\izza\\wp-content\\plugins\\all-in-one-wp-migration\\lib\\vendor\\servmask\\database\\class-ai1wm-database-utility.php","Line":74}

Dec 12 2022 07:59:59
{"Number":8,"Message":"Ai1wm_Database_Utility::replace_serialized_values(): The script tried to execute a method or access a property of an incomplete object. Please ensure that the class definition &quot;Elementor\\Core\\Logger\\Items\\Base&quot; of the object you are trying to operate on was loaded _before_ unserialize() gets called or provide an autoloader to load the class definition","File":"C:\\xampp\\htdocs\\izza\\wp-content\\plugins\\all-in-one-wp-migration\\lib\\vendor\\servmask\\database\\class-ai1wm-database-utility.php","Line":74}

Dec 12 2022 07:59:59
{"Number":8,"Message":"Ai1wm_Database_Utility::replace_serialized_values(): The script tried to execute a method or access a property of an incomplete object. Please ensure that the class definition &quot;Elementor\\Core\\Logger\\Items\\Base&quot; of the object you are trying to operate on was loaded _before_ unserialize() gets called or provide an autoloader to load the class definition","File":"C:\\xampp\\htdocs\\izza\\wp-content\\plugins\\all-in-one-wp-migration\\lib\\vendor\\servmask\\database\\class-ai1wm-database-utility.php","Line":74}

Dec 12 2022 07:59:59
{"Number":8,"Message":"Ai1wm_Database_Utility::replace_serialized_values(): The script tried to execute a method or access a property of an incomplete object. Please ensure that the class definition &quot;Elementor\\Core\\Logger\\Items\\Base&quot; of the object you are trying to operate on was loaded _before_ unserialize() gets called or provide an autoloader to load the class definition","File":"C:\\xampp\\htdocs\\izza\\wp-content\\plugins\\all-in-one-wp-migration\\lib\\vendor\\servmask\\database\\class-ai1wm-database-utility.php","Line":74}

Dec 12 2022 07:59:59
{"Number":8,"Message":"Ai1wm_Database_Utility::replace_serialized_values(): The script tried to execute a method or access a property of an incomplete object. Please ensure that the class definition &quot;Elementor\\Core\\Logger\\Items\\Base&quot; of the object you are trying to operate on was loaded _before_ unserialize() gets called or provide an autoloader to load the class definition","File":"C:\\xampp\\htdocs\\izza\\wp-content\\plugins\\all-in-one-wp-migration\\lib\\vendor\\servmask\\database\\class-ai1wm-database-utility.php","Line":74}

Dec 12 2022 07:59:59
{"Number":8,"Message":"Ai1wm_Database_Utility::replace_serialized_values(): The script tried to execute a method or access a property of an incomplete object. Please ensure that the class definition &quot;Elementor\\Core\\Logger\\Items\\Base&quot; of the object you are trying to operate on was loaded _before_ unserialize() gets called or provide an autoloader to load the class definition","File":"C:\\xampp\\htdocs\\izza\\wp-content\\plugins\\all-in-one-wp-migration\\lib\\vendor\\servmask\\database\\class-ai1wm-database-utility.php","Line":74}

Dec 12 2022 07:59:59
{"Number":8,"Message":"Ai1wm_Database_Utility::replace_serialized_values(): The script tried to execute a method or access a property of an incomplete object. Please ensure that the class definition &quot;Elementor\\Core\\Logger\\Items\\Base&quot; of the object you are trying to operate on was loaded _before_ unserialize() gets called or provide an autoloader to load the class definition","File":"C:\\xampp\\htdocs\\izza\\wp-content\\plugins\\all-in-one-wp-migration\\lib\\vendor\\servmask\\database\\class-ai1wm-database-utility.php","Line":74}

Dec 12 2022 07:59:59
{"Number":8,"Message":"Ai1wm_Database_Utility::replace_serialized_values(): The script tried to execute a method or access a property of an incomplete object. Please ensure that the class definition &quot;Elementor\\Core\\Logger\\Items\\Base&quot; of the object you are trying to operate on was loaded _before_ unserialize() gets called or provide an autoloader to load the class definition","File":"C:\\xampp\\htdocs\\izza\\wp-content\\plugins\\all-in-one-wp-migration\\lib\\vendor\\servmask\\database\\class-ai1wm-database-utility.php","Line":74}

Dec 12 2022 07:59:59
{"Number":8,"Message":"Ai1wm_Database_Utility::replace_serialized_values(): The script tried to execute a method or access a property of an incomplete object. Please ensure that the class definition &quot;Elementor\\Core\\Logger\\Items\\Base&quot; of the object you are trying to operate on was loaded _before_ unserialize() gets called or provide an autoloader to load the class definition","File":"C:\\xampp\\htdocs\\izza\\wp-content\\plugins\\all-in-one-wp-migration\\lib\\vendor\\servmask\\database\\class-ai1wm-database-utility.php","Line":74}

Dec 12 2022 07:59:59
{"Number":8,"Message":"Ai1wm_Database_Utility::replace_serialized_values(): The script tried to execute a method or access a property of an incomplete object. Please ensure that the class definition &quot;Elementor\\Core\\Logger\\Items\\Base&quot; of the object you are trying to operate on was loaded _before_ unserialize() gets called or provide an autoloader to load the class definition","File":"C:\\xampp\\htdocs\\izza\\wp-content\\plugins\\all-in-one-wp-migration\\lib\\vendor\\servmask\\database\\class-ai1wm-database-utility.php","Line":74}

Dec 12 2022 07:59:59
{"Number":8,"Message":"Ai1wm_Database_Utility::replace_serialized_values(): The script tried to execute a method or access a property of an incomplete object. Please ensure that the class definition &quot;Elementor\\Core\\Logger\\Items\\Base&quot; of the object you are trying to operate on was loaded _before_ unserialize() gets called or provide an autoloader to load the class definition","File":"C:\\xampp\\htdocs\\izza\\wp-content\\plugins\\all-in-one-wp-migration\\lib\\vendor\\servmask\\database\\class-ai1wm-database-utility.php","Line":74}

Dec 12 2022 07:59:59
{"Number":8,"Message":"Ai1wm_Database_Utility::replace_serialized_values(): The script tried to execute a method or access a property of an incomplete object. Please ensure that the class definition &quot;Elementor\\Core\\Logger\\Items\\Base&quot; of the object you are trying to operate on was loaded _before_ unserialize() gets called or provide an autoloader to load the class definition","File":"C:\\xampp\\htdocs\\izza\\wp-content\\plugins\\all-in-one-wp-migration\\lib\\vendor\\servmask\\database\\class-ai1wm-database-utility.php","Line":74}

Dec 12 2022 07:59:59
{"Number":8,"Message":"Ai1wm_Database_Utility::replace_serialized_values(): The script tried to execute a method or access a property of an incomplete object. Please ensure that the class definition &quot;Elementor\\Core\\Logger\\Items\\Base&quot; of the object you are trying to operate on was loaded _before_ unserialize() gets called or provide an autoloader to load the class definition","File":"C:\\xampp\\htdocs\\izza\\wp-content\\plugins\\all-in-one-wp-migration\\lib\\vendor\\servmask\\database\\class-ai1wm-database-utility.php","Line":74}

Dec 12 2022 07:59:59
{"Number":8,"Message":"Ai1wm_Database_Utility::replace_serialized_values(): The script tried to execute a method or access a property of an incomplete object. Please ensure that the class definition &quot;Elementor\\Core\\Logger\\Items\\Base&quot; of the object you are trying to operate on was loaded _before_ unserialize() gets called or provide an autoloader to load the class definition","File":"C:\\xampp\\htdocs\\izza\\wp-content\\plugins\\all-in-one-wp-migration\\lib\\vendor\\servmask\\database\\class-ai1wm-database-utility.php","Line":74}

Dec 12 2022 07:59:59
{"Number":8,"Message":"Ai1wm_Database_Utility::replace_serialized_values(): The script tried to execute a method or access a property of an incomplete object. Please ensure that the class definition &quot;Elementor\\Core\\Logger\\Items\\Base&quot; of the object you are trying to operate on was loaded _before_ unserialize() gets called or provide an autoloader to load the class definition","File":"C:\\xampp\\htdocs\\izza\\wp-content\\plugins\\all-in-one-wp-migration\\lib\\vendor\\servmask\\database\\class-ai1wm-database-utility.php","Line":74}

Dec 12 2022 07:59:59
{"Number":8,"Message":"Ai1wm_Database_Utility::replace_serialized_values(): The script tried to execute a method or access a property of an incomplete object. Please ensure that the class definition &quot;Elementor\\Core\\Logger\\Items\\Base&quot; of the object you are trying to operate on was loaded _before_ unserialize() gets called or provide an autoloader to load the class definition","File":"C:\\xampp\\htdocs\\izza\\wp-content\\plugins\\all-in-one-wp-migration\\lib\\vendor\\servmask\\database\\class-ai1wm-database-utility.php","Line":74}

Dec 12 2022 07:59:59
{"Number":8,"Message":"Ai1wm_Database_Utility::replace_serialized_values(): The script tried to execute a method or access a property of an incomplete object. Please ensure that the class definition &quot;Elementor\\Core\\Logger\\Items\\Base&quot; of the object you are trying to operate on was loaded _before_ unserialize() gets called or provide an autoloader to load the class definition","File":"C:\\xampp\\htdocs\\izza\\wp-content\\plugins\\all-in-one-wp-migration\\lib\\vendor\\servmask\\database\\class-ai1wm-database-utility.php","Line":74}

Dec 12 2022 07:59:59
{"Number":8,"Message":"Ai1wm_Database_Utility::replace_serialized_values(): The script tried to execute a method or access a property of an incomplete object. Please ensure that the class definition &quot;Elementor\\Core\\Logger\\Items\\Base&quot; of the object you are trying to operate on was loaded _before_ unserialize() gets called or provide an autoloader to load the class definition","File":"C:\\xampp\\htdocs\\izza\\wp-content\\plugins\\all-in-one-wp-migration\\lib\\vendor\\servmask\\database\\class-ai1wm-database-utility.php","Line":74}

Dec 12 2022 07:59:59
{"Number":8,"Message":"Ai1wm_Database_Utility::replace_serialized_values(): The script tried to execute a method or access a property of an incomplete object. Please ensure that the class definition &quot;Elementor\\Core\\Logger\\Items\\Base&quot; of the object you are trying to operate on was loaded _before_ unserialize() gets called or provide an autoloader to load the class definition","File":"C:\\xampp\\htdocs\\izza\\wp-content\\plugins\\all-in-one-wp-migration\\lib\\vendor\\servmask\\database\\class-ai1wm-database-utility.php","Line":74}

Dec 12 2022 07:59:59
{"Number":8,"Message":"Ai1wm_Database_Utility::replace_serialized_values(): The script tried to execute a method or access a property of an incomplete object. Please ensure that the class definition &quot;Elementor\\Core\\Logger\\Items\\Base&quot; of the object you are trying to operate on was loaded _before_ unserialize() gets called or provide an autoloader to load the class definition","File":"C:\\xampp\\htdocs\\izza\\wp-content\\plugins\\all-in-one-wp-migration\\lib\\vendor\\servmask\\database\\class-ai1wm-database-utility.php","Line":74}

Dec 12 2022 07:59:59
{"Number":8,"Message":"Ai1wm_Database_Utility::replace_serialized_values(): The script tried to execute a method or access a property of an incomplete object. Please ensure that the class definition &quot;Elementor\\Core\\Logger\\Items\\Base&quot; of the object you are trying to operate on was loaded _before_ unserialize() gets called or provide an autoloader to load the class definition","File":"C:\\xampp\\htdocs\\izza\\wp-content\\plugins\\all-in-one-wp-migration\\lib\\vendor\\servmask\\database\\class-ai1wm-database-utility.php","Line":74}

Dec 12 2022 07:59:59
{"Number":8,"Message":"Ai1wm_Database_Utility::replace_serialized_values(): The script tried to execute a method or access a property of an incomplete object. Please ensure that the class definition &quot;Elementor\\Core\\Logger\\Items\\Base&quot; of the object you are trying to operate on was loaded _before_ unserialize() gets called or provide an autoloader to load the class definition","File":"C:\\xampp\\htdocs\\izza\\wp-content\\plugins\\all-in-one-wp-migration\\lib\\vendor\\servmask\\database\\class-ai1wm-database-utility.php","Line":74}

Dec 12 2022 07:59:59
{"Number":8,"Message":"Ai1wm_Database_Utility::replace_serialized_values(): The script tried to execute a method or access a property of an incomplete object. Please ensure that the class definition &quot;Elementor\\Core\\Logger\\Items\\Base&quot; of the object you are trying to operate on was loaded _before_ unserialize() gets called or provide an autoloader to load the class definition","File":"C:\\xampp\\htdocs\\izza\\wp-content\\plugins\\all-in-one-wp-migration\\lib\\vendor\\servmask\\database\\class-ai1wm-database-utility.php","Line":74}

Dec 12 2022 07:59:59
{"Number":8,"Message":"Ai1wm_Database_Utility::replace_serialized_values(): The script tried to execute a method or access a property of an incomplete object. Please ensure that the class definition &quot;Elementor\\Core\\Logger\\Items\\Base&quot; of the object you are trying to operate on was loaded _before_ unserialize() gets called or provide an autoloader to load the class definition","File":"C:\\xampp\\htdocs\\izza\\wp-content\\plugins\\all-in-one-wp-migration\\lib\\vendor\\servmask\\database\\class-ai1wm-database-utility.php","Line":74}

Dec 12 2022 07:59:59
{"Number":8,"Message":"Ai1wm_Database_Utility::replace_serialized_values(): The script tried to execute a method or access a property of an incomplete object. Please ensure that the class definition &quot;Elementor\\Core\\Logger\\Items\\Base&quot; of the object you are trying to operate on was loaded _before_ unserialize() gets called or provide an autoloader to load the class definition","File":"C:\\xampp\\htdocs\\izza\\wp-content\\plugins\\all-in-one-wp-migration\\lib\\vendor\\servmask\\database\\class-ai1wm-database-utility.php","Line":74}

Dec 12 2022 07:59:59
{"Number":8,"Message":"Ai1wm_Database_Utility::replace_serialized_values(): The script tried to execute a method or access a property of an incomplete object. Please ensure that the class definition &quot;Elementor\\Core\\Logger\\Items\\Base&quot; of the object you are trying to operate on was loaded _before_ unserialize() gets called or provide an autoloader to load the class definition","File":"C:\\xampp\\htdocs\\izza\\wp-content\\plugins\\all-in-one-wp-migration\\lib\\vendor\\servmask\\database\\class-ai1wm-database-utility.php","Line":74}

Dec 12 2022 07:59:59
{"Number":8,"Message":"Ai1wm_Database_Utility::replace_serialized_values(): The script tried to execute a method or access a property of an incomplete object. Please ensure that the class definition &quot;Elementor\\Core\\Logger\\Items\\Base&quot; of the object you are trying to operate on was loaded _before_ unserialize() gets called or provide an autoloader to load the class definition","File":"C:\\xampp\\htdocs\\izza\\wp-content\\plugins\\all-in-one-wp-migration\\lib\\vendor\\servmask\\database\\class-ai1wm-database-utility.php","Line":74}

Dec 12 2022 07:59:59
{"Number":8,"Message":"Ai1wm_Database_Utility::replace_serialized_values(): The script tried to execute a method or access a property of an incomplete object. Please ensure that the class definition &quot;Elementor\\Core\\Logger\\Items\\Base&quot; of the object you are trying to operate on was loaded _before_ unserialize() gets called or provide an autoloader to load the class definition","File":"C:\\xampp\\htdocs\\izza\\wp-content\\plugins\\all-in-one-wp-migration\\lib\\vendor\\servmask\\database\\class-ai1wm-database-utility.php","Line":74}

Dec 12 2022 07:59:59
{"Number":8,"Message":"Ai1wm_Database_Utility::replace_serialized_values(): The script tried to execute a method or access a property of an incomplete object. Please ensure that the class definition &quot;Elementor\\Core\\Logger\\Items\\Base&quot; of the object you are trying to operate on was loaded _before_ unserialize() gets called or provide an autoloader to load the class definition","File":"C:\\xampp\\htdocs\\izza\\wp-content\\plugins\\all-in-one-wp-migration\\lib\\vendor\\servmask\\database\\class-ai1wm-database-utility.php","Line":74}

Dec 12 2022 07:59:59
{"Number":8,"Message":"Ai1wm_Database_Utility::replace_serialized_values(): The script tried to execute a method or access a property of an incomplete object. Please ensure that the class definition &quot;Elementor\\Core\\Logger\\Items\\Base&quot; of the object you are trying to operate on was loaded _before_ unserialize() gets called or provide an autoloader to load the class definition","File":"C:\\xampp\\htdocs\\izza\\wp-content\\plugins\\all-in-one-wp-migration\\lib\\vendor\\servmask\\database\\class-ai1wm-database-utility.php","Line":74}

Dec 12 2022 07:59:59
{"Number":8,"Message":"Ai1wm_Database_Utility::replace_serialized_values(): The script tried to execute a method or access a property of an incomplete object. Please ensure that the class definition &quot;Elementor\\Core\\Logger\\Items\\Base&quot; of the object you are trying to operate on was loaded _before_ unserialize() gets called or provide an autoloader to load the class definition","File":"C:\\xampp\\htdocs\\izza\\wp-content\\plugins\\all-in-one-wp-migration\\lib\\vendor\\servmask\\database\\class-ai1wm-database-utility.php","Line":74}

Dec 12 2022 07:59:59
{"Number":8,"Message":"Ai1wm_Database_Utility::replace_serialized_values(): The script tried to execute a method or access a property of an incomplete object. Please ensure that the class definition &quot;Elementor\\Core\\Logger\\Items\\Base&quot; of the object you are trying to operate on was loaded _before_ unserialize() gets called or provide an autoloader to load the class definition","File":"C:\\xampp\\htdocs\\izza\\wp-content\\plugins\\all-in-one-wp-migration\\lib\\vendor\\servmask\\database\\class-ai1wm-database-utility.php","Line":74}

Dec 12 2022 07:59:59
{"Number":8,"Message":"Ai1wm_Database_Utility::replace_serialized_values(): The script tried to execute a method or access a property of an incomplete object. Please ensure that the class definition &quot;Elementor\\Core\\Logger\\Items\\Base&quot; of the object you are trying to operate on was loaded _before_ unserialize() gets called or provide an autoloader to load the class definition","File":"C:\\xampp\\htdocs\\izza\\wp-content\\plugins\\all-in-one-wp-migration\\lib\\vendor\\servmask\\database\\class-ai1wm-database-utility.php","Line":74}

Dec 12 2022 07:59:59
{"Number":8,"Message":"Ai1wm_Database_Utility::replace_serialized_values(): The script tried to execute a method or access a property of an incomplete object. Please ensure that the class definition &quot;Elementor\\Core\\Logger\\Items\\Base&quot; of the object you are trying to operate on was loaded _before_ unserialize() gets called or provide an autoloader to load the class definition","File":"C:\\xampp\\htdocs\\izza\\wp-content\\plugins\\all-in-one-wp-migration\\lib\\vendor\\servmask\\database\\class-ai1wm-database-utility.php","Line":74}

Dec 12 2022 07:59:59
{"Number":8,"Message":"Ai1wm_Database_Utility::replace_serialized_values(): The script tried to execute a method or access a property of an incomplete object. Please ensure that the class definition &quot;Elementor\\Core\\Logger\\Items\\Base&quot; of the object you are trying to operate on was loaded _before_ unserialize() gets called or provide an autoloader to load the class definition","File":"C:\\xampp\\htdocs\\izza\\wp-content\\plugins\\all-in-one-wp-migration\\lib\\vendor\\servmask\\database\\class-ai1wm-database-utility.php","Line":74}

Dec 12 2022 07:59:59
{"Number":8,"Message":"Ai1wm_Database_Utility::replace_serialized_values(): The script tried to execute a method or access a property of an incomplete object. Please ensure that the class definition &quot;Elementor\\Core\\Logger\\Items\\Base&quot; of the object you are trying to operate on was loaded _before_ unserialize() gets called or provide an autoloader to load the class definition","File":"C:\\xampp\\htdocs\\izza\\wp-content\\plugins\\all-in-one-wp-migration\\lib\\vendor\\servmask\\database\\class-ai1wm-database-utility.php","Line":74}

Dec 12 2022 07:59:59
{"Number":8,"Message":"Ai1wm_Database_Utility::replace_serialized_values(): The script tried to execute a method or access a property of an incomplete object. Please ensure that the class definition &quot;Elementor\\Core\\Logger\\Items\\Base&quot; of the object you are trying to operate on was loaded _before_ unserialize() gets called or provide an autoloader to load the class definition","File":"C:\\xampp\\htdocs\\izza\\wp-content\\plugins\\all-in-one-wp-migration\\lib\\vendor\\servmask\\database\\class-ai1wm-database-utility.php","Line":74}

Dec 12 2022 07:59:59
{"Number":8,"Message":"Ai1wm_Database_Utility::replace_serialized_values(): The script tried to execute a method or access a property of an incomplete object. Please ensure that the class definition &quot;Elementor\\Core\\Logger\\Items\\Base&quot; of the object you are trying to operate on was loaded _before_ unserialize() gets called or provide an autoloader to load the class definition","File":"C:\\xampp\\htdocs\\izza\\wp-content\\plugins\\all-in-one-wp-migration\\lib\\vendor\\servmask\\database\\class-ai1wm-database-utility.php","Line":74}

Dec 12 2022 07:59:59
{"Number":8,"Message":"Ai1wm_Database_Utility::replace_serialized_values(): The script tried to execute a method or access a property of an incomplete object. Please ensure that the class definition &quot;Elementor\\Core\\Logger\\Items\\Base&quot; of the object you are trying to operate on was loaded _before_ unserialize() gets called or provide an autoloader to load the class definition","File":"C:\\xampp\\htdocs\\izza\\wp-content\\plugins\\all-in-one-wp-migration\\lib\\vendor\\servmask\\database\\class-ai1wm-database-utility.php","Line":74}

Dec 12 2022 07:59:59
{"Number":8,"Message":"Ai1wm_Database_Utility::replace_serialized_values(): The script tried to execute a method or access a property of an incomplete object. Please ensure that the class definition &quot;Elementor\\Core\\Logger\\Items\\PHP&quot; of the object you are trying to operate on was loaded _before_ unserialize() gets called or provide an autoloader to load the class definition","File":"C:\\xampp\\htdocs\\izza\\wp-content\\plugins\\all-in-one-wp-migration\\lib\\vendor\\servmask\\database\\class-ai1wm-database-utility.php","Line":74}

Dec 12 2022 07:59:59
{"Number":8,"Message":"Ai1wm_Database_Utility::replace_serialized_values(): The script tried to execute a method or access a property of an incomplete object. Please ensure that the class definition &quot;Elementor\\Core\\Logger\\Items\\PHP&quot; of the object you are trying to operate on was loaded _before_ unserialize() gets called or provide an autoloader to load the class definition","File":"C:\\xampp\\htdocs\\izza\\wp-content\\plugins\\all-in-one-wp-migration\\lib\\vendor\\servmask\\database\\class-ai1wm-database-utility.php","Line":74}

Dec 12 2022 07:59:59
{"Number":8,"Message":"Ai1wm_Database_Utility::replace_serialized_values(): The script tried to execute a method or access a property of an incomplete object. Please ensure that the class definition &quot;Elementor\\Core\\Logger\\Items\\PHP&quot; of the object you are trying to operate on was loaded _before_ unserialize() gets called or provide an autoloader to load the class definition","File":"C:\\xampp\\htdocs\\izza\\wp-content\\plugins\\all-in-one-wp-migration\\lib\\vendor\\servmask\\database\\class-ai1wm-database-utility.php","Line":74}

Dec 12 2022 07:59:59
{"Number":8,"Message":"Ai1wm_Database_Utility::replace_serialized_values(): The script tried to execute a method or access a property of an incomplete object. Please ensure that the class definition &quot;Elementor\\Core\\Logger\\Items\\PHP&quot; of the object you are trying to operate on was loaded _before_ unserialize() gets called or provide an autoloader to load the class definition","File":"C:\\xampp\\htdocs\\izza\\wp-content\\plugins\\all-in-one-wp-migration\\lib\\vendor\\servmask\\database\\class-ai1wm-database-utility.php","Line":74}

Dec 12 2022 07:59:59
{"Number":8,"Message":"Ai1wm_Database_Utility::replace_serialized_values(): The script tried to execute a method or access a property of an incomplete object. Please ensure that the class definition &quot;Elementor\\Core\\Logger\\Items\\PHP&quot; of the object you are trying to operate on was loaded _before_ unserialize() gets called or provide an autoloader to load the class definition","File":"C:\\xampp\\htdocs\\izza\\wp-content\\plugins\\all-in-one-wp-migration\\lib\\vendor\\servmask\\database\\class-ai1wm-database-utility.php","Line":74}

Dec 12 2022 07:59:59
{"Number":8,"Message":"Ai1wm_Database_Utility::replace_serialized_values(): The script tried to execute a method or access a property of an incomplete object. Please ensure that the class definition &quot;Elementor\\Core\\Logger\\Items\\PHP&quot; of the object you are trying to operate on was loaded _before_ unserialize() gets called or provide an autoloader to load the class definition","File":"C:\\xampp\\htdocs\\izza\\wp-content\\plugins\\all-in-one-wp-migration\\lib\\vendor\\servmask\\database\\class-ai1wm-database-utility.php","Line":74}

Dec 12 2022 07:59:59
{"Number":8,"Message":"Ai1wm_Database_Utility::replace_serialized_values(): The script tried to execute a method or access a property of an incomplete object. Please ensure that the class definition &quot;Elementor\\Core\\Logger\\Items\\PHP&quot; of the object you are trying to operate on was loaded _before_ unserialize() gets called or provide an autoloader to load the class definition","File":"C:\\xampp\\htdocs\\izza\\wp-content\\plugins\\all-in-one-wp-migration\\lib\\vendor\\servmask\\database\\class-ai1wm-database-utility.php","Line":74}

Dec 12 2022 07:59:59
{"Number":8,"Message":"Ai1wm_Database_Utility::replace_serialized_values(): The script tried to execute a method or access a property of an incomplete object. Please ensure that the class definition &quot;Elementor\\Core\\Logger\\Items\\PHP&quot; of the object you are trying to operate on was loaded _before_ unserialize() gets called or provide an autoloader to load the class definition","File":"C:\\xampp\\htdocs\\izza\\wp-content\\plugins\\all-in-one-wp-migration\\lib\\vendor\\servmask\\database\\class-ai1wm-database-utility.php","Line":74}

Dec 12 2022 07:59:59
{"Number":8,"Message":"Ai1wm_Database_Utility::replace_serialized_values(): The script tried to execute a method or access a property of an incomplete object. Please ensure that the class definition &quot;Elementor\\Core\\Logger\\Items\\PHP&quot; of the object you are trying to operate on was loaded _before_ unserialize() gets called or provide an autoloader to load the class definition","File":"C:\\xampp\\htdocs\\izza\\wp-content\\plugins\\all-in-one-wp-migration\\lib\\vendor\\servmask\\database\\class-ai1wm-database-utility.php","Line":74}

Dec 12 2022 07:59:59
{"Number":8,"Message":"Ai1wm_Database_Utility::replace_serialized_values(): The script tried to execute a method or access a property of an incomplete object. Please ensure that the class definition &quot;Elementor\\Core\\Logger\\Items\\PHP&quot; of the object you are trying to operate on was loaded _before_ unserialize() gets called or provide an autoloader to load the class definition","File":"C:\\xampp\\htdocs\\izza\\wp-content\\plugins\\all-in-one-wp-migration\\lib\\vendor\\servmask\\database\\class-ai1wm-database-utility.php","Line":74}

Dec 12 2022 07:59:59
{"Number":8,"Message":"Ai1wm_Database_Utility::replace_serialized_values(): The script tried to execute a method or access a property of an incomplete object. Please ensure that the class definition &quot;Elementor\\Core\\Logger\\Items\\JS&quot; of the object you are trying to operate on was loaded _before_ unserialize() gets called or provide an autoloader to load the class definition","File":"C:\\xampp\\htdocs\\izza\\wp-content\\plugins\\all-in-one-wp-migration\\lib\\vendor\\servmask\\database\\class-ai1wm-database-utility.php","Line":74}

Dec 12 2022 07:59:59
{"Number":8,"Message":"Ai1wm_Database_Utility::replace_serialized_values(): The script tried to execute a method or access a property of an incomplete object. Please ensure that the class definition &quot;Elementor\\Core\\Logger\\Items\\JS&quot; of the object you are trying to operate on was loaded _before_ unserialize() gets called or provide an autoloader to load the class definition","File":"C:\\xampp\\htdocs\\izza\\wp-content\\plugins\\all-in-one-wp-migration\\lib\\vendor\\servmask\\database\\class-ai1wm-database-utility.php","Line":74}

Dec 12 2022 07:59:59
{"Number":8,"Message":"Ai1wm_Database_Utility::replace_serialized_values(): The script tried to execute a method or access a property of an incomplete object. Please ensure that the class definition &quot;Elementor\\Core\\Logger\\Items\\JS&quot; of the object you are trying to operate on was loaded _before_ unserialize() gets called or provide an autoloader to load the class definition","File":"C:\\xampp\\htdocs\\izza\\wp-content\\plugins\\all-in-one-wp-migration\\lib\\vendor\\servmask\\database\\class-ai1wm-database-utility.php","Line":74}

Dec 12 2022 07:59:59
{"Number":8,"Message":"Ai1wm_Database_Utility::replace_serialized_values(): The script tried to execute a method or access a property of an incomplete object. Please ensure that the class definition &quot;Elementor\\Core\\Logger\\Items\\JS&quot; of the object you are trying to operate on was loaded _before_ unserialize() gets called or provide an autoloader to load the class definition","File":"C:\\xampp\\htdocs\\izza\\wp-content\\plugins\\all-in-one-wp-migration\\lib\\vendor\\servmask\\database\\class-ai1wm-database-utility.php","Line":74}

Dec 12 2022 07:59:59
{"Number":8,"Message":"Ai1wm_Database_Utility::replace_serialized_values(): The script tried to execute a method or access a property of an incomplete object. Please ensure that the class definition &quot;Elementor\\Core\\Logger\\Items\\JS&quot; of the object you are trying to operate on was loaded _before_ unserialize() gets called or provide an autoloader to load the class definition","File":"C:\\xampp\\htdocs\\izza\\wp-content\\plugins\\all-in-one-wp-migration\\lib\\vendor\\servmask\\database\\class-ai1wm-database-utility.php","Line":74}

Dec 12 2022 07:59:59
{"Number":8,"Message":"Ai1wm_Database_Utility::replace_serialized_values(): The script tried to execute a method or access a property of an incomplete object. Please ensure that the class definition &quot;Elementor\\Core\\Logger\\Items\\JS&quot; of the object you are trying to operate on was loaded _before_ unserialize() gets called or provide an autoloader to load the class definition","File":"C:\\xampp\\htdocs\\izza\\wp-content\\plugins\\all-in-one-wp-migration\\lib\\vendor\\servmask\\database\\class-ai1wm-database-utility.php","Line":74}

Dec 12 2022 07:59:59
{"Number":8,"Message":"Ai1wm_Database_Utility::replace_serialized_values(): The script tried to execute a method or access a property of an incomplete object. Please ensure that the class definition &quot;Elementor\\Core\\Logger\\Items\\JS&quot; of the object you are trying to operate on was loaded _before_ unserialize() gets called or provide an autoloader to load the class definition","File":"C:\\xampp\\htdocs\\izza\\wp-content\\plugins\\all-in-one-wp-migration\\lib\\vendor\\servmask\\database\\class-ai1wm-database-utility.php","Line":74}

Dec 12 2022 07:59:59
{"Number":8,"Message":"Ai1wm_Database_Utility::replace_serialized_values(): The script tried to execute a method or access a property of an incomplete object. Please ensure that the class definition &quot;Elementor\\Core\\Logger\\Items\\JS&quot; of the object you are trying to operate on was loaded _before_ unserialize() gets called or provide an autoloader to load the class definition","File":"C:\\xampp\\htdocs\\izza\\wp-content\\plugins\\all-in-one-wp-migration\\lib\\vendor\\servmask\\database\\class-ai1wm-database-utility.php","Line":74}

Dec 12 2022 07:59:59
{"Number":8,"Message":"Ai1wm_Database_Utility::replace_serialized_values(): The script tried to execute a method or access a property of an incomplete object. Please ensure that the class definition &quot;Elementor\\Core\\Logger\\Items\\JS&quot; of the object you are trying to operate on was loaded _before_ unserialize() gets called or provide an autoloader to load the class definition","File":"C:\\xampp\\htdocs\\izza\\wp-content\\plugins\\all-in-one-wp-migration\\lib\\vendor\\servmask\\database\\class-ai1wm-database-utility.php","Line":74}

Dec 12 2022 07:59:59
{"Number":8,"Message":"Ai1wm_Database_Utility::replace_serialized_values(): The script tried to execute a method or access a property of an incomplete object. Please ensure that the class definition &quot;Elementor\\Core\\Logger\\Items\\JS&quot; of the object you are trying to operate on was loaded _before_ unserialize() gets called or provide an autoloader to load the class definition","File":"C:\\xampp\\htdocs\\izza\\wp-content\\plugins\\all-in-one-wp-migration\\lib\\vendor\\servmask\\database\\class-ai1wm-database-utility.php","Line":74}

Dec 12 2022 07:59:59
{"Number":8,"Message":"Ai1wm_Database_Utility::replace_serialized_values(): The script tried to execute a method or access a property of an incomplete object. Please ensure that the class definition &quot;Elementor\\Core\\Logger\\Items\\JS&quot; of the object you are trying to operate on was loaded _before_ unserialize() gets called or provide an autoloader to load the class definition","File":"C:\\xampp\\htdocs\\izza\\wp-content\\plugins\\all-in-one-wp-migration\\lib\\vendor\\servmask\\database\\class-ai1wm-database-utility.php","Line":74}

Dec 12 2022 08:00:12
{"type":2,"message":"opendir(C:\\xampp\\htdocs\\izza\/wp-content\/uploads\/et_temp): failed to open dir: No such file or directory","file":"C:\\xampp\\htdocs\\izza\\wp-content\\themes\\Divi\\epanel\\custom_functions.php","line":1368}

Dec 14 2022 19:43:40
{"type":2,"message":"mkdir(): No such file or directory","file":"C:\\xampp\\htdocs\\izza\\wp-includes\\functions.php","line":2057}

Dec 14 2022 19:43:42
{"type":2,"message":"mkdir(): No such file or directory","file":"C:\\xampp\\htdocs\\izza\\wp-includes\\functions.php","line":2057}

Dec 14 2022 19:43:43
{"type":2,"message":"mkdir(): No such file or directory","file":"C:\\xampp\\htdocs\\izza\\wp-includes\\functions.php","line":2057}

Dec 14 2022 19:43:44
{"type":2,"message":"mkdir(): No such file or directory","file":"C:\\xampp\\htdocs\\izza\\wp-includes\\functions.php","line":2057}

Dec 14 2022 19:43:46
{"type":2,"message":"mkdir(): No such file or directory","file":"C:\\xampp\\htdocs\\izza\\wp-includes\\functions.php","line":2057}

Dec 14 2022 19:43:47
{"type":2,"message":"mkdir(): No such file or directory","file":"C:\\xampp\\htdocs\\izza\\wp-includes\\functions.php","line":2057}

Dec 14 2022 19:43:48
{"type":2,"message":"mkdir(): No such file or directory","file":"C:\\xampp\\htdocs\\izza\\wp-includes\\functions.php","line":2057}

Dec 14 2022 19:43:51
{"type":2,"message":"mkdir(): No such file or directory","file":"C:\\xampp\\htdocs\\izza\\wp-includes\\functions.php","line":2057}

Dec 14 2022 19:43:52
{"type":2,"message":"mkdir(): No such file or directory","file":"C:\\xampp\\htdocs\\izza\\wp-includes\\functions.php","line":2057}

Dec 14 2022 19:43:53
{"type":2,"message":"mkdir(): No such file or directory","file":"C:\\xampp\\htdocs\\izza\\wp-includes\\functions.php","line":2057}

Dec 14 2022 19:43:55
{"type":2,"message":"mkdir(): No such file or directory","file":"C:\\xampp\\htdocs\\izza\\wp-includes\\functions.php","line":2057}

Dec 14 2022 19:43:56
{"type":2,"message":"mkdir(): No such file or directory","file":"C:\\xampp\\htdocs\\izza\\wp-includes\\functions.php","line":2057}

Dec 14 2022 19:43:57
{"type":2,"message":"mkdir(): No such file or directory","file":"C:\\xampp\\htdocs\\izza\\wp-includes\\functions.php","line":2057}

Dec 14 2022 19:43:59
{"type":2,"message":"mkdir(): No such file or directory","file":"C:\\xampp\\htdocs\\izza\\wp-includes\\functions.php","line":2057}

Dec 14 2022 19:44:00
{"type":2,"message":"mkdir(): No such file or directory","file":"C:\\xampp\\htdocs\\izza\\wp-includes\\functions.php","line":2057}

Dec 14 2022 19:44:01
{"type":2,"message":"mkdir(): No such file or directory","file":"C:\\xampp\\htdocs\\izza\\wp-includes\\functions.php","line":2057}

Dec 14 2022 19:44:02
{"type":2,"message":"mkdir(): No such file or directory","file":"C:\\xampp\\htdocs\\izza\\wp-includes\\functions.php","line":2057}

Dec 14 2022 19:44:04
{"type":2,"message":"mkdir(): No such file or directory","file":"C:\\xampp\\htdocs\\izza\\wp-includes\\functions.php","line":2057}

Dec 14 2022 19:44:05
{"type":2,"message":"mkdir(): No such file or directory","file":"C:\\xampp\\htdocs\\izza\\wp-includes\\functions.php","line":2057}

Dec 14 2022 19:44:06
{"type":2,"message":"mkdir(): No such file or directory","file":"C:\\xampp\\htdocs\\izza\\wp-includes\\functions.php","line":2057}

Dec 14 2022 19:44:09
{"type":2,"message":"mkdir(): No such file or directory","file":"C:\\xampp\\htdocs\\izza\\wp-includes\\functions.php","line":2057}

Dec 14 2022 19:44:10
{"type":2,"message":"mkdir(): No such file or directory","file":"C:\\xampp\\htdocs\\izza\\wp-includes\\functions.php","line":2057}

Dec 14 2022 19:44:12
{"type":2,"message":"mkdir(): No such file or directory","file":"C:\\xampp\\htdocs\\izza\\wp-includes\\functions.php","line":2057}

Dec 14 2022 19:44:13
{"type":2,"message":"mkdir(): No such file or directory","file":"C:\\xampp\\htdocs\\izza\\wp-includes\\functions.php","line":2057}

Dec 14 2022 19:44:14
{"type":2,"message":"mkdir(): No such file or directory","file":"C:\\xampp\\htdocs\\izza\\wp-includes\\functions.php","line":2057}

Dec 14 2022 19:44:16
{"type":2,"message":"mkdir(): No such file or directory","file":"C:\\xampp\\htdocs\\izza\\wp-includes\\functions.php","line":2057}

Dec 14 2022 19:44:17
{"type":2,"message":"mkdir(): No such file or directory","file":"C:\\xampp\\htdocs\\izza\\wp-includes\\functions.php","line":2057}

Dec 14 2022 19:44:18
{"type":2,"message":"mkdir(): No such file or directory","file":"C:\\xampp\\htdocs\\izza\\wp-includes\\functions.php","line":2057}

Dec 14 2022 19:44:20
{"type":2,"message":"mkdir(): No such file or directory","file":"C:\\xampp\\htdocs\\izza\\wp-includes\\functions.php","line":2057}

Dec 14 2022 19:44:22
{"type":2,"message":"mkdir(): No such file or directory","file":"C:\\xampp\\htdocs\\izza\\wp-includes\\functions.php","line":2057}

Dec 14 2022 19:44:23
{"type":2,"message":"mkdir(): No such file or directory","file":"C:\\xampp\\htdocs\\izza\\wp-includes\\functions.php","line":2057}

Dec 14 2022 19:44:24
{"type":2,"message":"mkdir(): No such file or directory","file":"C:\\xampp\\htdocs\\izza\\wp-includes\\functions.php","line":2057}

Dec 14 2022 19:44:26
{"type":2,"message":"mkdir(): No such file or directory","file":"C:\\xampp\\htdocs\\izza\\wp-includes\\functions.php","line":2057}

Dec 14 2022 19:44:27
{"type":2,"message":"mkdir(): No such file or directory","file":"C:\\xampp\\htdocs\\izza\\wp-includes\\functions.php","line":2057}

Dec 14 2022 19:44:28
{"type":2,"message":"mkdir(): No such file or directory","file":"C:\\xampp\\htdocs\\izza\\wp-includes\\functions.php","line":2057}

Dec 14 2022 19:44:30
{"type":2,"message":"mkdir(): No such file or directory","file":"C:\\xampp\\htdocs\\izza\\wp-includes\\functions.php","line":2057}

Dec 14 2022 19:44:31
{"type":2,"message":"mkdir(): No such file or directory","file":"C:\\xampp\\htdocs\\izza\\wp-includes\\functions.php","line":2057}

Dec 14 2022 19:44:32
{"type":2,"message":"mkdir(): No such file or directory","file":"C:\\xampp\\htdocs\\izza\\wp-includes\\functions.php","line":2057}

Dec 14 2022 19:44:34
{"type":2,"message":"mkdir(): No such file or directory","file":"C:\\xampp\\htdocs\\izza\\wp-includes\\functions.php","line":2057}

Dec 14 2022 19:44:35
{"type":2,"message":"mkdir(): No such file or directory","file":"C:\\xampp\\htdocs\\izza\\wp-includes\\functions.php","line":2057}

Dec 14 2022 19:44:36
{"type":2,"message":"mkdir(): No such file or directory","file":"C:\\xampp\\htdocs\\izza\\wp-includes\\functions.php","line":2057}

Dec 14 2022 19:44:38
{"type":2,"message":"mkdir(): No such file or directory","file":"C:\\xampp\\htdocs\\izza\\wp-includes\\functions.php","line":2057}

Dec 14 2022 19:44:39
{"type":2,"message":"mkdir(): No such file or directory","file":"C:\\xampp\\htdocs\\izza\\wp-includes\\functions.php","line":2057}

Dec 14 2022 19:44:40
{"type":2,"message":"mkdir(): No such file or directory","file":"C:\\xampp\\htdocs\\izza\\wp-includes\\functions.php","line":2057}

Dec 14 2022 19:44:42
{"type":2,"message":"mkdir(): No such file or directory","file":"C:\\xampp\\htdocs\\izza\\wp-includes\\functions.php","line":2057}

Dec 14 2022 19:44:43
{"type":2,"message":"mkdir(): No such file or directory","file":"C:\\xampp\\htdocs\\izza\\wp-includes\\functions.php","line":2057}

Dec 14 2022 19:44:44
{"type":2,"message":"mkdir(): No such file or directory","file":"C:\\xampp\\htdocs\\izza\\wp-includes\\functions.php","line":2057}

Dec 14 2022 19:44:51
{"type":2,"message":"mkdir(): No such file or directory","file":"C:\\xampp\\htdocs\\izza\\wp-includes\\functions.php","line":2057}

Dec 14 2022 19:44:53
{"type":2,"message":"mkdir(): No such file or directory","file":"C:\\xampp\\htdocs\\izza\\wp-includes\\functions.php","line":2057}

Dec 14 2022 19:45:04
{"type":2,"message":"mkdir(): No such file or directory","file":"C:\\xampp\\htdocs\\izza\\wp-includes\\functions.php","line":2057}

Dec 14 2022 19:45:17
{"type":2,"message":"mkdir(): No such file or directory","file":"C:\\xampp\\htdocs\\izza\\wp-includes\\functions.php","line":2057}

Dec 14 2022 19:45:29
{"type":2,"message":"mkdir(): No such file or directory","file":"C:\\xampp\\htdocs\\izza\\wp-includes\\functions.php","line":2057}

Dec 14 2022 19:45:36
{"type":2,"message":"mkdir(): No such file or directory","file":"C:\\xampp\\htdocs\\izza\\wp-includes\\functions.php","line":2057}

Dec 14 2022 19:45:46
{"type":2,"message":"mkdir(): No such file or directory","file":"C:\\xampp\\htdocs\\izza\\wp-includes\\functions.php","line":2057}

Dec 14 2022 19:45:49
{"type":2,"message":"opendir(C:\\xampp\\htdocs\\izza\/wp-content\/uploads\/et_temp): failed to open dir: No such file or directory","file":"C:\\xampp\\htdocs\\izza\\wp-content\\themes\\Divi\\epanel\\custom_functions.php","line":1368}

